# JRE version: OpenJDK Runtime Environment (11.0.1+13) (build 11.0.1+13)
# Java VM: OpenJDK 64-Bit Server VM (11.0.1+13, mixed mode, tiered, compressed oops, g1 gc, windows-amd64)
Heap:
 garbage-first heap   total 131072K, used 21863K [0x00000000c0000000, 0x0000000100000000)
  region size 1024K, 2 young (2048K), 2 survivors (2048K)
 Metaspace       used 40790K, capacity 42914K, committed 43088K, reserved 1095680K
  class space    used 4182K, capacity 4998K, committed 5120K, reserved 1048576K
GC Heap History (10 events):
Event: 8.488 GC heap before
{Heap before GC invocations=1 (full 0):
 garbage-first heap   total 131072K, used 24588K [0x00000000c0000000, 0x0000000100000000)
  region size 1024K, 25 young (25600K), 3 survivors (3072K)
 Metaspace       used 20425K, capacity 21179K, committed 21296K, reserved 1069056K
  class space    used 1872K, capacity 2162K, committed 2176K, reserved 1048576K
}
Event: 8.537 GC heap after
{Heap after GC invocations=2 (full 0):
 garbage-first heap   total 131072K, used 7313K [0x00000000c0000000, 0x0000000100000000)
  region size 1024K, 7 young (7168K), 7 survivors (7168K)
 Metaspace       used 20425K, capacity 21179K, committed 21296K, reserved 1069056K
  class space    used 1872K, capacity 2162K, committed 2176K, reserved 1048576K
}
Event: 8.708 GC heap before
{Heap before GC invocations=3 (full 0):
 garbage-first heap   total 131072K, used 8337K [0x00000000c0000000, 0x0000000100000000)
  region size 1024K, 9 young (9216K), 7 survivors (7168K)
 Metaspace       used 20941K, capacity 21787K, committed 22192K, reserved 1069056K
  class space    used 1893K, capacity 2194K, committed 2304K, reserved 1048576K
}
Event: 8.734 GC heap after
{Heap after GC invocations=4 (full 0):
 garbage-first heap   total 131072K, used 7252K [0x00000000c0000000, 0x0000000100000000)
  region size 1024K, 1 young (1024K), 1 survivors (1024K)
 Metaspace       used 20941K, capacity 21787K, committed 22192K, reserved 1069056K
  class space    used 1893K, capacity 2194K, committed 2304K, reserved 1048576K
}
Event: 23.704 GC heap before
{Heap before GC invocations=4 (full 0):
 garbage-first heap   total 131072K, used 70740K [0x00000000c0000000, 0x0000000100000000)
  region size 1024K, 64 young (65536K), 1 survivors (1024K)
 Metaspace       used 30392K, capacity 31742K, committed 31920K, reserved 1077248K
  class space    used 3027K, capacity 3513K, committed 3584K, reserved 1048576K
}
Event: 23.725 GC heap after
{Heap after GC invocations=5 (full 0):
 garbage-first heap   total 131072K, used 10764K [0x00000000c0000000, 0x0000000100000000)
  region size 1024K, 4 young (4096K), 4 survivors (4096K)
 Metaspace       used 30392K, capacity 31742K, committed 31920K, reserved 1077248K
  class space    used 3027K, capacity 3513K, committed 3584K, reserved 1048576K
}
Event: 26.720 GC heap before
{Heap before GC invocations=5 (full 0):
 garbage-first heap   total 131072K, used 41484K [0x00000000c0000000, 0x0000000100000000)
  region size 1024K, 35 young (35840K), 4 survivors (4096K)
 Metaspace       used 34176K, capacity 35794K, committed 35920K, reserved 1081344K
  class space    used 3436K, capacity 4004K, committed 4096K, reserved 1048576K
}
Event: 26.768 GC heap after
{Heap after GC invocations=6 (full 0):
 garbage-first heap   total 131072K, used 15536K [0x00000000c0000000, 0x0000000100000000)
  region size 1024K, 9 young (9216K), 9 survivors (9216K)
 Metaspace       used 34176K, capacity 35794K, committed 35920K, reserved 1081344K
  class space    used 3436K, capacity 4004K, committed 4096K, reserved 1048576K
}
Event: 28.608 GC heap before
{Heap before GC invocations=7 (full 0):
 garbage-first heap   total 131072K, used 74928K [0x00000000c0000000, 0x0000000100000000)
  region size 1024K, 68 young (69632K), 9 survivors (9216K)
 Metaspace       used 40088K, capacity 42210K, committed 42448K, reserved 1087488K
  class space    used 4104K, capacity 4870K, committed 4992K, reserved 1048576K
}
Event: 28.632 GC heap after
{Heap after GC invocations=8 (full 0):
 garbage-first heap   total 131072K, used 20761K [0x00000000c0000000, 0x0000000100000000)
  region size 1024K, 6 young (6144K), 6 survivors (6144K)
 Metaspace       used 40088K, capacity 42210K, committed 42448K, reserved 1087488K
  class space    used 4104K, capacity 4870K, committed 4992K, reserved 1048576K
}

